<?xml version="1.0" encoding="UTF-8"?>
<testsuite xmlns:xsi="http://www.w3.org/2001/XMLSchema-instance" xsi:noNamespaceSchemaLocation="https://maven.apache.org/surefire/maven-surefire-plugin/xsd/surefire-test-report.xsd" name="com.company.primerproyectorestassured.features.RedmineOtherTests" time="7.019" tests="7" errors="0" skipped="0" failures="2">
  <properties>
    <property name="sun.desktop" value="windows"/>
    <property name="awt.toolkit" value="sun.awt.windows.WToolkit"/>
    <property name="java.specification.version" value="12"/>
    <property name="sun.cpu.isalist" value="amd64"/>
    <property name="sun.jnu.encoding" value="Cp1252"/>
    <property name="java.class.path" value="C:\Users\Nelson\IdeaProjects\primer-proyecto-rest-assured\target\test-classes;C:\Users\Nelson\IdeaProjects\primer-proyecto-rest-assured\target\classes;C:\Users\Nelson\.m2\repository\org\junit\jupiter\junit-jupiter\5.6.2\junit-jupiter-5.6.2.jar;C:\Users\Nelson\.m2\repository\org\junit\jupiter\junit-jupiter-api\5.6.2\junit-jupiter-api-5.6.2.jar;C:\Users\Nelson\.m2\repository\org\apiguardian\apiguardian-api\1.1.0\apiguardian-api-1.1.0.jar;C:\Users\Nelson\.m2\repository\org\opentest4j\opentest4j\1.2.0\opentest4j-1.2.0.jar;C:\Users\Nelson\.m2\repository\org\junit\platform\junit-platform-commons\1.6.2\junit-platform-commons-1.6.2.jar;C:\Users\Nelson\.m2\repository\org\junit\jupiter\junit-jupiter-params\5.6.2\junit-jupiter-params-5.6.2.jar;C:\Users\Nelson\.m2\repository\org\junit\jupiter\junit-jupiter-engine\5.6.2\junit-jupiter-engine-5.6.2.jar;C:\Users\Nelson\.m2\repository\org\junit\platform\junit-platform-engine\1.6.2\junit-platform-engine-1.6.2.jar;C:\Users\Nelson\.m2\repository\io\rest-assured\rest-assured\4.3.0\rest-assured-4.3.0.jar;C:\Users\Nelson\.m2\repository\org\codehaus\groovy\groovy\3.0.2\groovy-3.0.2.jar;C:\Users\Nelson\.m2\repository\org\codehaus\groovy\groovy-xml\3.0.2\groovy-xml-3.0.2.jar;C:\Users\Nelson\.m2\repository\org\apache\httpcomponents\httpclient\4.5.3\httpclient-4.5.3.jar;C:\Users\Nelson\.m2\repository\org\apache\httpcomponents\httpcore\4.4.6\httpcore-4.4.6.jar;C:\Users\Nelson\.m2\repository\commons-logging\commons-logging\1.2\commons-logging-1.2.jar;C:\Users\Nelson\.m2\repository\commons-codec\commons-codec\1.9\commons-codec-1.9.jar;C:\Users\Nelson\.m2\repository\org\apache\httpcomponents\httpmime\4.5.3\httpmime-4.5.3.jar;C:\Users\Nelson\.m2\repository\org\hamcrest\hamcrest\2.1\hamcrest-2.1.jar;C:\Users\Nelson\.m2\repository\org\ccil\cowan\tagsoup\tagsoup\1.2.1\tagsoup-1.2.1.jar;C:\Users\Nelson\.m2\repository\io\rest-assured\json-path\4.3.0\json-path-4.3.0.jar;C:\Users\Nelson\.m2\repository\org\codehaus\groovy\groovy-json\3.0.2\groovy-json-3.0.2.jar;C:\Users\Nelson\.m2\repository\io\rest-assured\rest-assured-common\4.3.0\rest-assured-common-4.3.0.jar;C:\Users\Nelson\.m2\repository\io\rest-assured\xml-path\4.3.0\xml-path-4.3.0.jar;C:\Users\Nelson\.m2\repository\org\apache\commons\commons-lang3\3.4\commons-lang3-3.4.jar;C:\Users\Nelson\.m2\repository\jakarta\xml\bind\jakarta.xml.bind-api\2.3.2\jakarta.xml.bind-api-2.3.2.jar;C:\Users\Nelson\.m2\repository\jakarta\activation\jakarta.activation-api\1.2.1\jakarta.activation-api-1.2.1.jar;C:\Users\Nelson\.m2\repository\com\sun\xml\bind\jaxb-osgi\2.3.0.1\jaxb-osgi-2.3.0.1.jar;C:\Users\Nelson\.m2\repository\org\apache\sling\org.apache.sling.javax.activation\0.1.0\org.apache.sling.javax.activation-0.1.0.jar;C:\Users\Nelson\.m2\repository\javax\activation\activation\1.1.1\activation-1.1.1.jar;C:\Users\Nelson\.m2\repository\io\rest-assured\json-schema-validator\4.3.0\json-schema-validator-4.3.0.jar;C:\Users\Nelson\.m2\repository\com\github\java-json-tools\json-schema-validator\2.2.10\json-schema-validator-2.2.10.jar;C:\Users\Nelson\.m2\repository\com\github\java-json-tools\json-schema-core\1.2.10\json-schema-core-1.2.10.jar;C:\Users\Nelson\.m2\repository\com\github\java-json-tools\jackson-coreutils\1.9\jackson-coreutils-1.9.jar;C:\Users\Nelson\.m2\repository\com\fasterxml\jackson\core\jackson-databind\2.2.3\jackson-databind-2.2.3.jar;C:\Users\Nelson\.m2\repository\com\fasterxml\jackson\core\jackson-annotations\2.2.3\jackson-annotations-2.2.3.jar;C:\Users\Nelson\.m2\repository\com\fasterxml\jackson\core\jackson-core\2.2.3\jackson-core-2.2.3.jar;C:\Users\Nelson\.m2\repository\com\google\guava\guava\16.0.1\guava-16.0.1.jar;C:\Users\Nelson\.m2\repository\com\github\fge\msg-simple\1.1\msg-simple-1.1.jar;C:\Users\Nelson\.m2\repository\com\github\fge\btf\1.2\btf-1.2.jar;C:\Users\Nelson\.m2\repository\com\github\fge\uri-template\0.9\uri-template-0.9.jar;C:\Users\Nelson\.m2\repository\org\mozilla\rhino\1.7.7.1\rhino-1.7.7.1.jar;C:\Users\Nelson\.m2\repository\javax\mail\mailapi\1.4.3\mailapi-1.4.3.jar;C:\Users\Nelson\.m2\repository\joda-time\joda-time\2.9.7\joda-time-2.9.7.jar;C:\Users\Nelson\.m2\repository\com\googlecode\libphonenumber\libphonenumber\8.0.0\libphonenumber-8.0.0.jar;C:\Users\Nelson\.m2\repository\com\google\code\findbugs\jsr305\3.0.1\jsr305-3.0.1.jar;C:\Users\Nelson\.m2\repository\net\sf\jopt-simple\jopt-simple\5.0.3\jopt-simple-5.0.3.jar;"/>
    <property name="java.vm.vendor" value="Oracle Corporation"/>
    <property name="sun.arch.data.model" value="64"/>
    <property name="user.variant" value=""/>
    <property name="java.vendor.url" value="https://java.oracle.com/"/>
    <property name="user.timezone" value="America/Lima"/>
    <property name="os.name" value="Windows 7"/>
    <property name="java.vm.specification.version" value="12"/>
    <property name="sun.java.launcher" value="SUN_STANDARD"/>
    <property name="user.country" value="PE"/>
    <property name="sun.boot.library.path" value="C:\Program Files\Java\jdk-12.0.2\bin"/>
    <property name="sun.java.command" value="C:\Users\Nelson\AppData\Local\Temp\surefire5216715652841274542\surefirebooter1789268278467712584.jar C:\Users\Nelson\AppData\Local\Temp\surefire5216715652841274542 2020-05-21T01-34-28_764-jvmRun1 surefire6664350802013984210tmp surefire_012391663710178459081tmp"/>
    <property name="jdk.debug" value="release"/>
    <property name="test" value="com.company.primerproyectorestassured.features.RedmineOtherTests"/>
    <property name="surefire.test.class.path" value="C:\Users\Nelson\IdeaProjects\primer-proyecto-rest-assured\target\test-classes;C:\Users\Nelson\IdeaProjects\primer-proyecto-rest-assured\target\classes;C:\Users\Nelson\.m2\repository\org\junit\jupiter\junit-jupiter\5.6.2\junit-jupiter-5.6.2.jar;C:\Users\Nelson\.m2\repository\org\junit\jupiter\junit-jupiter-api\5.6.2\junit-jupiter-api-5.6.2.jar;C:\Users\Nelson\.m2\repository\org\apiguardian\apiguardian-api\1.1.0\apiguardian-api-1.1.0.jar;C:\Users\Nelson\.m2\repository\org\opentest4j\opentest4j\1.2.0\opentest4j-1.2.0.jar;C:\Users\Nelson\.m2\repository\org\junit\platform\junit-platform-commons\1.6.2\junit-platform-commons-1.6.2.jar;C:\Users\Nelson\.m2\repository\org\junit\jupiter\junit-jupiter-params\5.6.2\junit-jupiter-params-5.6.2.jar;C:\Users\Nelson\.m2\repository\org\junit\jupiter\junit-jupiter-engine\5.6.2\junit-jupiter-engine-5.6.2.jar;C:\Users\Nelson\.m2\repository\org\junit\platform\junit-platform-engine\1.6.2\junit-platform-engine-1.6.2.jar;C:\Users\Nelson\.m2\repository\io\rest-assured\rest-assured\4.3.0\rest-assured-4.3.0.jar;C:\Users\Nelson\.m2\repository\org\codehaus\groovy\groovy\3.0.2\groovy-3.0.2.jar;C:\Users\Nelson\.m2\repository\org\codehaus\groovy\groovy-xml\3.0.2\groovy-xml-3.0.2.jar;C:\Users\Nelson\.m2\repository\org\apache\httpcomponents\httpclient\4.5.3\httpclient-4.5.3.jar;C:\Users\Nelson\.m2\repository\org\apache\httpcomponents\httpcore\4.4.6\httpcore-4.4.6.jar;C:\Users\Nelson\.m2\repository\commons-logging\commons-logging\1.2\commons-logging-1.2.jar;C:\Users\Nelson\.m2\repository\commons-codec\commons-codec\1.9\commons-codec-1.9.jar;C:\Users\Nelson\.m2\repository\org\apache\httpcomponents\httpmime\4.5.3\httpmime-4.5.3.jar;C:\Users\Nelson\.m2\repository\org\hamcrest\hamcrest\2.1\hamcrest-2.1.jar;C:\Users\Nelson\.m2\repository\org\ccil\cowan\tagsoup\tagsoup\1.2.1\tagsoup-1.2.1.jar;C:\Users\Nelson\.m2\repository\io\rest-assured\json-path\4.3.0\json-path-4.3.0.jar;C:\Users\Nelson\.m2\repository\org\codehaus\groovy\groovy-json\3.0.2\groovy-json-3.0.2.jar;C:\Users\Nelson\.m2\repository\io\rest-assured\rest-assured-common\4.3.0\rest-assured-common-4.3.0.jar;C:\Users\Nelson\.m2\repository\io\rest-assured\xml-path\4.3.0\xml-path-4.3.0.jar;C:\Users\Nelson\.m2\repository\org\apache\commons\commons-lang3\3.4\commons-lang3-3.4.jar;C:\Users\Nelson\.m2\repository\jakarta\xml\bind\jakarta.xml.bind-api\2.3.2\jakarta.xml.bind-api-2.3.2.jar;C:\Users\Nelson\.m2\repository\jakarta\activation\jakarta.activation-api\1.2.1\jakarta.activation-api-1.2.1.jar;C:\Users\Nelson\.m2\repository\com\sun\xml\bind\jaxb-osgi\2.3.0.1\jaxb-osgi-2.3.0.1.jar;C:\Users\Nelson\.m2\repository\org\apache\sling\org.apache.sling.javax.activation\0.1.0\org.apache.sling.javax.activation-0.1.0.jar;C:\Users\Nelson\.m2\repository\javax\activation\activation\1.1.1\activation-1.1.1.jar;C:\Users\Nelson\.m2\repository\io\rest-assured\json-schema-validator\4.3.0\json-schema-validator-4.3.0.jar;C:\Users\Nelson\.m2\repository\com\github\java-json-tools\json-schema-validator\2.2.10\json-schema-validator-2.2.10.jar;C:\Users\Nelson\.m2\repository\com\github\java-json-tools\json-schema-core\1.2.10\json-schema-core-1.2.10.jar;C:\Users\Nelson\.m2\repository\com\github\java-json-tools\jackson-coreutils\1.9\jackson-coreutils-1.9.jar;C:\Users\Nelson\.m2\repository\com\fasterxml\jackson\core\jackson-databind\2.2.3\jackson-databind-2.2.3.jar;C:\Users\Nelson\.m2\repository\com\fasterxml\jackson\core\jackson-annotations\2.2.3\jackson-annotations-2.2.3.jar;C:\Users\Nelson\.m2\repository\com\fasterxml\jackson\core\jackson-core\2.2.3\jackson-core-2.2.3.jar;C:\Users\Nelson\.m2\repository\com\google\guava\guava\16.0.1\guava-16.0.1.jar;C:\Users\Nelson\.m2\repository\com\github\fge\msg-simple\1.1\msg-simple-1.1.jar;C:\Users\Nelson\.m2\repository\com\github\fge\btf\1.2\btf-1.2.jar;C:\Users\Nelson\.m2\repository\com\github\fge\uri-template\0.9\uri-template-0.9.jar;C:\Users\Nelson\.m2\repository\org\mozilla\rhino\1.7.7.1\rhino-1.7.7.1.jar;C:\Users\Nelson\.m2\repository\javax\mail\mailapi\1.4.3\mailapi-1.4.3.jar;C:\Users\Nelson\.m2\repository\joda-time\joda-time\2.9.7\joda-time-2.9.7.jar;C:\Users\Nelson\.m2\repository\com\googlecode\libphonenumber\libphonenumber\8.0.0\libphonenumber-8.0.0.jar;C:\Users\Nelson\.m2\repository\com\google\code\findbugs\jsr305\3.0.1\jsr305-3.0.1.jar;C:\Users\Nelson\.m2\repository\net\sf\jopt-simple\jopt-simple\5.0.3\jopt-simple-5.0.3.jar;"/>
    <property name="sun.cpu.endian" value="little"/>
    <property name="user.home" value="C:\Users\Nelson"/>
    <property name="user.language" value="es"/>
    <property name="java.specification.vendor" value="Oracle Corporation"/>
    <property name="java.version.date" value="2019-07-16"/>
    <property name="java.home" value="C:\Program Files\Java\jdk-12.0.2"/>
    <property name="file.separator" value="\"/>
    <property name="basedir" value="C:\Users\Nelson\IdeaProjects\primer-proyecto-rest-assured"/>
    <property name="java.vm.compressedOopsMode" value="32-bit"/>
    <property name="line.separator" value="&#10;"/>
    <property name="java.vm.specification.vendor" value="Oracle Corporation"/>
    <property name="java.specification.name" value="Java Platform API Specification"/>
    <property name="java.awt.graphicsenv" value="sun.awt.Win32GraphicsEnvironment"/>
    <property name="surefire.real.class.path" value="C:\Users\Nelson\AppData\Local\Temp\surefire5216715652841274542\surefirebooter1789268278467712584.jar"/>
    <property name="user.script" value=""/>
    <property name="sun.management.compiler" value="HotSpot 64-Bit Tiered Compilers"/>
    <property name="java.runtime.version" value="12.0.2+10"/>
    <property name="user.name" value="Nelson"/>
    <property name="path.separator" value=";"/>
    <property name="os.version" value="6.1"/>
    <property name="java.runtime.name" value="Java(TM) SE Runtime Environment"/>
    <property name="file.encoding" value="Cp1252"/>
    <property name="java.vm.name" value="Java HotSpot(TM) 64-Bit Server VM"/>
    <property name="localRepository" value="C:\Users\Nelson\.m2\repository"/>
    <property name="java.vendor.url.bug" value="https://bugreport.java.com/bugreport/"/>
    <property name="java.io.tmpdir" value="C:\Users\Nelson\AppData\Local\Temp\"/>
    <property name="java.version" value="12.0.2"/>
    <property name="user.dir" value="C:\Users\Nelson\IdeaProjects\primer-proyecto-rest-assured"/>
    <property name="os.arch" value="amd64"/>
    <property name="java.vm.specification.name" value="Java Virtual Machine Specification"/>
    <property name="sun.os.patch.level" value="Service Pack 1"/>
    <property name="java.library.path" value="C:\Program Files\Java\jdk-12.0.2\bin;C:\Windows\Sun\Java\bin;C:\Windows\system32;C:\Windows;C:\Program Files (x86)\Common Files\Oracle\Java\javapath;C:\Windows\system32;C:\Windows;C:\Windows\System32\Wbem;C:\Windows\System32\WindowsPowerShell\v1.0\;C:\Program Files\Intel\WiFi\bin\;C:\Program Files\Common Files\Intel\WirelessCommon\;C:\Program Files\Lenovo\Fingerprint Manager Pro\;C:\Program Files\Microsoft SQL Server\120\Tools\Binn\;C:\Program Files\Microsoft SQL Server\Client SDK\ODBC\110\Tools\Binn\;C:\Program Files (x86)\Microsoft SQL Server\120\Tools\Binn\;C:\Program Files\Microsoft SQL Server\120\DTS\Binn\;C:\Program Files (x86)\Microsoft SQL Server\120\Tools\Binn\ManagementStudio\;C:\Program Files (x86)\Microsoft SQL Server\120\DTS\Binn\;C:\Program Files\Git\cmd;D:\especialización testing\apache-maven-3.6.3\bin;C:\Program Files\Intel\WiFi\bin\;C:\Program Files\Common Files\Intel\WirelessCommon\;C:\Program Files\Java\jdk-12.0.2\bin;C:\Program Files\JetBrains\IntelliJ IDEA Community Edition 2019.3.2\bin;;C:\Program Files\Docker Toolbox;."/>
    <property name="java.vm.info" value="mixed mode, sharing"/>
    <property name="java.vendor" value="Oracle Corporation"/>
    <property name="java.vm.version" value="12.0.2+10"/>
    <property name="sun.io.unicode.encoding" value="UnicodeLittle"/>
    <property name="java.class.version" value="56.0"/>
  </properties>
  <testcase name="getAllIssueData" classname="com.company.primerproyectorestassured.features.RedmineOtherTests" time="2.508"/>
  <testcase name="getAllIssueDataCheck" classname="com.company.primerproyectorestassured.features.RedmineOtherTests" time="0.666"/>
  <testcase name="extractFirstIssueSubject" classname="com.company.primerproyectorestassured.features.RedmineOtherTests" time="0.883"/>
  <testcase name="getFirstIssueSubject" classname="com.company.primerproyectorestassured.features.RedmineOtherTests" time="1.015">
    <failure message="1 expectation failed.&#10;JSON path issues[3].subject doesn&apos;t match.&#10;Expected: Mi issue actualizado desde RestAssured.&#10;  Actual: Mi issue XML actualizado desde Postman&#10;" type="java.lang.AssertionError">java.lang.AssertionError: 
1 expectation failed.
JSON path issues[3].subject doesn't match.
Expected: Mi issue actualizado desde RestAssured.
  Actual: Mi issue XML actualizado desde Postman

	at com.company.primerproyectorestassured.features.RedmineOtherTests.getFirstIssueSubject(RedmineOtherTests.java:34)
</failure>
    <system-out><![CDATA[Request method:	GET
Request URI:	http://192.168.0.7:8081/issues.json
Proxy:			<none>
Request params:	<none>
Query params:	<none>
Form params:	<none>
Path params:	<none>
Headers:		Accept=application/json
				X-Redmine-API-Key=475338c5e8fe95ef9f9c1cae8cb69610e2d413ac
				Content-Type=application/json; charset=UTF-8
Cookies:		<none>
Multiparts:		<none>
Body:			<none>
HTTP/1.1 200 OK
Content-Type: application/json; charset=utf-8
Transfer-Encoding: chunked
Connection: keep-alive
Status: 200 OK
Cache-Control: max-age=0, private, must-revalidate
Referrer-Policy: strict-origin-when-cross-origin
X-Permitted-Cross-Domain-Policies: none
X-XSS-Protection: 1; mode=block
X-Request-Id: dac69b95-9bb7-4f5c-968f-a6dc887371fe
X-Download-Options: noopen
ETag: W/"979e025293c1261dd8f6b44273132d59"
X-Frame-Options: SAMEORIGIN
X-Runtime: 0.075404
X-Content-Type-Options: nosniff
Date: Thu, 21 May 2020 06:35:30 GMT
Set-Cookie: _redmine_session=eHZDY1Y3bkNwZ1YwU3dkemVZbkZXM0xuejRYUmExekdPZVhGREZ2cmtWQVFZNENINzU3bWxrUGQyeWlvRDZrUkV5ZllXYVFYZkRYdWZadTNXbVBQY3BBM1RmYmpydHZ2WGlEeUk1YTE3eGtJeVkvMXVvamxMZFE5YVp0VTBQbzlqRDNUR0dzeG5mK2pmTjZJaFdNUWp5NklmNURGWjU5MWF5amZkclFkY0NFRTZyUUN5U21TK2pDRHJWL05NZE4wY0dwbzVKaUpQc3JRbTdLbG56NWl0SkNzNWQ0NmVCenZBZkZUWExjZzY1NkdBNHN0QkJCaFAvYldLR2xWRDZvYVhRYlRzTTBxNjdQWjB4Si9vekxDN3R4VVlNMzBtQnc5YTJSNm9NN2F0Y1BlQWdkbGVFdEdBVXNmeWU2RmxHQ1gtLWdwMlVSRTdSL1lnUjErZm9GS0VidVE9PQ%3D%3D--1bffa3f8bd6d3b26ad89409313b5b5dd7750eeae; path=/; HttpOnly
X-Powered-By: Phusion Passenger 6.0.4
Server: nginx/1.17.3 + Phusion Passenger 6.0.4
Content-Encoding: gzip

{
    "issues": [
        {
            "id": 9,
            "project": {
                "id": 1,
                "name": "ProyectoPrueba"
            },
            "tracker": {
                "id": 1,
                "name": "Bug"
            },
            "status": {
                "id": 1,
                "name": "New"
            },
            "priority": {
                "id": 1,
                "name": "Low"
            },
            "author": {
                "id": 1,
                "name": "Redmine Admin"
            },
            "subject": "Mi segundo issue creado desde RestAssured con XML.",
            "description": "As an admin user, I cannot create an user when xml...",
            "start_date": "2020-05-15",
            "due_date": null,
            "done_ratio": 0,
            "is_private": false,
            "estimated_hours": null,
            "created_on": "2020-05-15T20:24:02Z",
            "updated_on": "2020-05-15T20:26:16Z",
            "closed_on": null
        },
        {
            "id": 6,
            "project": {
                "id": 1,
                "name": "ProyectoPrueba"
            },
            "tracker": {
                "id": 1,
                "name": "Bug"
            },
            "status": {
                "id": 1,
                "name": "New"
            },
            "priority": {
                "id": 1,
                "name": "Low"
            },
            "author": {
                "id": 1,
                "name": "Redmine Admin"
            },
            "subject": "Mi primer issue creado desde postman con JSON",
            "description": "As an admin user",
            "start_date": "2020-05-15",
            "due_date": null,
            "done_ratio": 0,
            "is_private": false,
            "estimated_hours": null,
            "created_on": "2020-05-15T03:31:50Z",
            "updated_on": "2020-05-15T03:31:50Z",
            "closed_on": null
        },
        {
            "id": 5,
            "project": {
                "id": 1,
                "name": "ProyectoPrueba"
            },
            "tracker": {
                "id": 1,
                "name": "Bug"
            },
            "status": {
                "id": 1,
                "name": "New"
            },
            "priority": {
                "id": 1,
                "name": "Low"
            },
            "author": {
                "id": 1,
                "name": "Redmine Admin"
            },
            "subject": "Mi primer issue creado desde postman con XML.",
            "description": "As an admin user, I cannot create an user when xml...",
            "start_date": "2020-05-14",
            "due_date": null,
            "done_ratio": 0,
            "is_private": false,
            "estimated_hours": null,
            "created_on": "2020-05-14T05:51:51Z",
            "updated_on": "2020-05-15T20:25:33Z",
            "closed_on": null
        },
        {
            "id": 4,
            "project": {
                "id": 1,
                "name": "ProyectoPrueba"
            },
            "tracker": {
                "id": 1,
                "name": "Bug"
            },
            "status": {
                "id": 1,
                "name": "New"
            },
            "priority": {
                "id": 1,
                "name": "Low"
            },
            "author": {
                "id": 1,
                "name": "Redmine Admin"
            },
            "subject": "Mi issue XML actualizado desde Postman",
            "description": "As an admin user, I cannot create an user when xml...",
            "start_date": "2020-04-25",
            "due_date": null,
            "done_ratio": 0,
            "is_private": false,
            "estimated_hours": null,
            "created_on": "2020-04-25T16:41:50Z",
            "updated_on": "2020-05-20T02:34:36Z",
            "closed_on": null
        },
        {
            "id": 3,
            "project": {
                "id": 1,
                "name": "ProyectoPrueba"
            },
            "tracker": {
                "id": 1,
                "name": "Bug"
            },
            "status": {
                "id": 2,
                "name": "In Progress"
            },
            "priority": {
                "id": 1,
                "name": "Low"
            },
            "author": {
                "id": 1,
                "name": "Redmine Admin"
            },
            "subject": "Mi issue JSON actualizado desde RestAssured.",
            "description": "As an admin user, I cannot create an user when xml...",
            "start_date": "2020-04-25",
            "due_date": null,
            "done_ratio": 0,
            "is_private": false,
            "estimated_hours": null,
            "created_on": "2020-04-25T16:38:34Z",
            "updated_on": "2020-05-16T00:44:05Z",
            "closed_on": null
        },
        {
            "id": 2,
            "project": {
                "id": 1,
                "name": "ProyectoPrueba"
            },
            "tracker": {
                "id": 1,
                "name": "Bug"
            },
            "status": {
                "id": 1,
                "name": "New"
            },
            "priority": {
                "id": 1,
                "name": "Low"
            },
            "author": {
                "id": 1,
                "name": "Redmine Admin"
            },
            "subject": "Mi segundo issue creado desde RestAssured con JSON",
            "description": "As an admin user, I cannot create an user when...",
            "start_date": "2020-04-25",
            "due_date": null,
            "done_ratio": 0,
            "is_private": false,
            "estimated_hours": null,
            "created_on": "2020-04-25T16:23:59Z",
            "updated_on": "2020-05-15T21:01:52Z",
            "closed_on": null
        },
        {
            "id": 1,
            "project": {
                "id": 1,
                "name": "ProyectoPrueba"
            },
            "tracker": {
                "id": 1,
                "name": "Bug"
            },
            "status": {
                "id": 2,
                "name": "In Progress"
            },
            "priority": {
                "id": 2,
                "name": "Normal"
            },
            "author": {
                "id": 1,
                "name": "Redmine Admin"
            },
            "subject": "Mi issue XML actualizado desde RestAssured",
            "description": "As an admin user, I cannot create an user when...",
            "start_date": "2020-04-25",
            "due_date": null,
            "done_ratio": 0,
            "is_private": false,
            "estimated_hours": null,
            "created_on": "2020-04-25T15:08:13Z",
            "updated_on": "2020-05-16T00:55:12Z",
            "closed_on": null
        }
    ],
    "total_count": 7,
    "offset": 0,
    "limit": 25
}
]]></system-out>
  </testcase>
  <testcase name="extraerHeader" classname="com.company.primerproyectorestassured.features.RedmineOtherTests" time="0.098"/>
  <testcase name="extractAllIssueSubjects" classname="com.company.primerproyectorestassured.features.RedmineOtherTests" time="0.402"/>
  <testcase name="getIssueStarDate" classname="com.company.primerproyectorestassured.features.RedmineOtherTests" time="0.105">
    <failure message="1 expectation failed.&#10;JSON path issue.star_date doesn&apos;t match.&#10;Expected: 2020-04-25&#10;  Actual: null&#10;" type="java.lang.AssertionError">java.lang.AssertionError: 
1 expectation failed.
JSON path issue.star_date doesn't match.
Expected: 2020-04-25
  Actual: null

	at com.company.primerproyectorestassured.features.RedmineOtherTests.getIssueStarDate(RedmineOtherTests.java:24)
</failure>
    <system-out><![CDATA[Request method:	GET
Request URI:	http://192.168.0.7:8081/issues/4.json
Proxy:			<none>
Request params:	<none>
Query params:	<none>
Form params:	<none>
Path params:	id=4
Headers:		Accept=application/json
				X-Redmine-API-Key=475338c5e8fe95ef9f9c1cae8cb69610e2d413ac
				Content-Type=application/json; charset=UTF-8
Cookies:		<none>
Multiparts:		<none>
Body:			<none>
HTTP/1.1 200 OK
Content-Type: application/json; charset=utf-8
Transfer-Encoding: chunked
Connection: keep-alive
Status: 200 OK
Cache-Control: max-age=0, private, must-revalidate
Referrer-Policy: strict-origin-when-cross-origin
X-Permitted-Cross-Domain-Policies: none
X-XSS-Protection: 1; mode=block
X-Request-Id: abc0e3ad-14c4-4667-9371-f11affe086d1
X-Download-Options: noopen
ETag: W/"3bcd06ae7d9529e72260c871cae39043"
X-Frame-Options: SAMEORIGIN
X-Runtime: 0.072728
X-Content-Type-Options: nosniff
Date: Thu, 21 May 2020 06:35:31 GMT
X-Powered-By: Phusion Passenger 6.0.4
Server: nginx/1.17.3 + Phusion Passenger 6.0.4
Content-Encoding: gzip

{
    "issue": {
        "id": 4,
        "project": {
            "id": 1,
            "name": "ProyectoPrueba"
        },
        "tracker": {
            "id": 1,
            "name": "Bug"
        },
        "status": {
            "id": 1,
            "name": "New"
        },
        "priority": {
            "id": 1,
            "name": "Low"
        },
        "author": {
            "id": 1,
            "name": "Redmine Admin"
        },
        "subject": "Mi issue XML actualizado desde Postman",
        "description": "As an admin user, I cannot create an user when xml...",
        "start_date": "2020-04-25",
        "due_date": null,
        "done_ratio": 0,
        "is_private": false,
        "estimated_hours": null,
        "total_estimated_hours": null,
        "spent_hours": 0.0,
        "total_spent_hours": 0.0,
        "created_on": "2020-04-25T16:41:50Z",
        "updated_on": "2020-05-20T02:34:36Z",
        "closed_on": null
    }
}
]]></system-out>
  </testcase>
</testsuite>